<?xml version="1.0" encoding="UTF-8"?>
<!-- Generated by org.testng.reporters.JUnitXMLReporter -->
<testsuite ignored="0" hostname="PENNANT-VSP211" failures="0" tests="10" name="Default test" time="2.795" errors="0" timestamp="2023-07-03T18:23:49 IST">
  <testcase classname="test.OfferLetterDAOImplTest" name="testFindAllIssuedCandidates" time="0.245"/>
  <testcase classname="test.OfferLetterDAOImplTest" name="testFindAllProvidedCandidates" time="0.006"/>
  <testcase classname="test.OfferLetterDAOImplTest" name="testFindIdtyIdByTitle" time="0.009"/>
  <testcase classname="test.OfferLetterDAOImplTest" name="testGetAllDocuments" time="0.006"/>
  <testcase classname="test.OfferLetterDAOImplTest" name="testGetCandidateById" time="0.006"/>
  <testcase classname="test.OfferLetterDAOImplTest" name="testGetHrById" time="0.006"/>
  <testcase classname="test.OfferLetterDAOImplTest" name="testGetInductionDocuments" time="0.004"/>
  <testcase classname="test.OfferLetterDAOImplTest" name="testGetLatestEofrIdFromDatabase" time="0.004"/>
  <testcase classname="test.OfferLetterDAOImplTest" name="testInsertEofrInto" time="0.006"/>
  <testcase classname="test.OfferLetterDAOImplTest" name="testUpdateCandidateStatus" time="0.024"/>
</testsuite> <!-- Default test -->
