<?xml version="1.0" encoding="UTF-8"?>
<!-- Generated by org.testng.reporters.JUnitXMLReporter -->
<testsuite ignored="0" hostname="PENNANT-VSP211" failures="3" tests="11" name="Default test" time="1.886" errors="0" timestamp="2023-07-04T16:40:19 IST">
  <testcase classname="test.TestInductionDAOImpl" name="testGetAllEmploymentOffers" time="0.176"/>
  <testcase classname="test.TestInductionDAOImpl" name="testGetAllInductions" time="0.009"/>
  <testcase classname="test.TestInductionDAOImpl" name="testGetCountOfOfferIdentity" time="0.008"/>
  <testcase classname="test.TestInductionDAOImpl" name="testGetEmployeeOfferedIdMaxMap" time="0.006">
    <failure type="java.lang.NullPointerException" message="Cannot invoke &amp;quot;javax.persistence.TypedQuery.setParameter(String, Object)&amp;quot; because &amp;quot;typedQuery&amp;quot; is null">
      <![CDATA[java.lang.NullPointerException: Cannot invoke "javax.persistence.TypedQuery.setParameter(String, Object)" because "typedQuery" is null
at DAO.InductionDAOImpl.getCountOfOfferIdentity(InductionDAOImpl.java:108)
at test.TestInductionDAOImpl.testGetEmployeeOfferedIdMaxMap(TestInductionDAOImpl.java:154)
at java.base/jdk.internal.reflect.NativeMethodAccessorImpl.invoke0(Native Method)
at java.base/jdk.internal.reflect.NativeMethodAccessorImpl.invoke(NativeMethodAccessorImpl.java:62)
at java.base/jdk.internal.reflect.DelegatingMethodAccessorImpl.invoke(DelegatingMethodAccessorImpl.java:43)
at java.base/java.lang.reflect.Method.invoke(Method.java:564)
at org.testng.internal.invokers.MethodInvocationHelper.invokeMethod(MethodInvocationHelper.java:139)
at org.testng.internal.invokers.TestInvoker.invokeMethod(TestInvoker.java:664)
at org.testng.internal.invokers.TestInvoker.invokeTestMethod(TestInvoker.java:227)
at org.testng.internal.invokers.MethodRunner.runInSequence(MethodRunner.java:50)
at org.testng.internal.invokers.TestInvoker$MethodInvocationAgent.invoke(TestInvoker.java:957)
at org.testng.internal.invokers.TestInvoker.invokeTestMethods(TestInvoker.java:200)
at org.testng.internal.invokers.TestMethodWorker.invokeTestMethods(TestMethodWorker.java:148)
at org.testng.internal.invokers.TestMethodWorker.run(TestMethodWorker.java:128)
at java.base/java.util.ArrayList.forEach(ArrayList.java:1510)
at org.testng.TestRunner.privateRun(TestRunner.java:848)
at org.testng.TestRunner.run(TestRunner.java:621)
at org.testng.SuiteRunner.runTest(SuiteRunner.java:443)
at org.testng.SuiteRunner.runSequentially(SuiteRunner.java:437)
at org.testng.SuiteRunner.privateRun(SuiteRunner.java:397)
at org.testng.SuiteRunner.run(SuiteRunner.java:336)
at org.testng.SuiteRunnerWorker.runSuite(SuiteRunnerWorker.java:52)
at org.testng.SuiteRunnerWorker.run(SuiteRunnerWorker.java:95)
at org.testng.TestNG.runSuitesSequentially(TestNG.java:1280)
at org.testng.TestNG.runSuitesLocally(TestNG.java:1200)
at org.testng.TestNG.runSuites(TestNG.java:1114)
at org.testng.TestNG.run(TestNG.java:1082)
at org.testng.remote.AbstractRemoteTestNG.run(AbstractRemoteTestNG.java:115)
at org.testng.remote.RemoteTestNG.initAndRun(RemoteTestNG.java:251)
at org.testng.remote.RemoteTestNG.main(RemoteTestNG.java:77)
]]>
    </failure>
  </testcase> <!-- testGetEmployeeOfferedIdMaxMap -->
  <testcase classname="test.TestInductionDAOImpl" name="testGetEmploymentInductionDocCount" time="0.004"/>
  <testcase classname="test.TestInductionDAOImpl" name="testGetEmploymentInductionDocCountMap" time="0.005">
    <failure type="java.lang.NullPointerException" message="Cannot invoke &amp;quot;javax.persistence.TypedQuery.setParameter(String, Object)&amp;quot; because &amp;quot;typedQuery&amp;quot; is null">
      <![CDATA[java.lang.NullPointerException: Cannot invoke "javax.persistence.TypedQuery.setParameter(String, Object)" because "typedQuery" is null
at DAO.InductionDAOImpl.getEmploymentInductionDocCount(InductionDAOImpl.java:131)
at test.TestInductionDAOImpl.testGetEmploymentInductionDocCountMap(TestInductionDAOImpl.java:193)
at java.base/jdk.internal.reflect.NativeMethodAccessorImpl.invoke0(Native Method)
at java.base/jdk.internal.reflect.NativeMethodAccessorImpl.invoke(NativeMethodAccessorImpl.java:62)
at java.base/jdk.internal.reflect.DelegatingMethodAccessorImpl.invoke(DelegatingMethodAccessorImpl.java:43)
at java.base/java.lang.reflect.Method.invoke(Method.java:564)
at org.testng.internal.invokers.MethodInvocationHelper.invokeMethod(MethodInvocationHelper.java:139)
at org.testng.internal.invokers.TestInvoker.invokeMethod(TestInvoker.java:664)
at org.testng.internal.invokers.TestInvoker.invokeTestMethod(TestInvoker.java:227)
at org.testng.internal.invokers.MethodRunner.runInSequence(MethodRunner.java:50)
at org.testng.internal.invokers.TestInvoker$MethodInvocationAgent.invoke(TestInvoker.java:957)
at org.testng.internal.invokers.TestInvoker.invokeTestMethods(TestInvoker.java:200)
at org.testng.internal.invokers.TestMethodWorker.invokeTestMethods(TestMethodWorker.java:148)
at org.testng.internal.invokers.TestMethodWorker.run(TestMethodWorker.java:128)
at java.base/java.util.ArrayList.forEach(ArrayList.java:1510)
at org.testng.TestRunner.privateRun(TestRunner.java:848)
at org.testng.TestRunner.run(TestRunner.java:621)
at org.testng.SuiteRunner.runTest(SuiteRunner.java:443)
at org.testng.SuiteRunner.runSequentially(SuiteRunner.java:437)
at org.testng.SuiteRunner.privateRun(SuiteRunner.java:397)
at org.testng.SuiteRunner.run(SuiteRunner.java:336)
at org.testng.SuiteRunnerWorker.runSuite(SuiteRunnerWorker.java:52)
at org.testng.SuiteRunnerWorker.run(SuiteRunnerWorker.java:95)
at org.testng.TestNG.runSuitesSequentially(TestNG.java:1280)
at org.testng.TestNG.runSuitesLocally(TestNG.java:1200)
at org.testng.TestNG.runSuites(TestNG.java:1114)
at org.testng.TestNG.run(TestNG.java:1082)
at org.testng.remote.AbstractRemoteTestNG.run(AbstractRemoteTestNG.java:115)
at org.testng.remote.RemoteTestNG.initAndRun(RemoteTestNG.java:251)
at org.testng.remote.RemoteTestNG.main(RemoteTestNG.java:77)
]]>
    </failure>
  </testcase> <!-- testGetEmploymentInductionDocCountMap -->
  <testcase classname="test.TestInductionDAOImpl" name="testGetIndex" time="0.005"/>
  <testcase classname="test.TestInductionDAOImpl" name="testGetInductionById" time="0.009"/>
  <testcase classname="test.TestInductionDAOImpl" name="testInsertEmployee" time="0.009"/>
  <testcase classname="test.TestInductionDAOImpl" name="testInsertEmployeeWithNullInduction" time="0.002"/>
  <testcase classname="test.TestInductionDAOImpl" name="testUpdateEmploymentOfferStatus" time="0.127">
    <failure type="org.mockito.exceptions.base.MockitoException" message="
Only void methods can doNothing()!
Example of correct use of doNothing():
    doNothing().
    doThrow(new RuntimeException())
    .when(mock).someVoidMethod();
Above means:
someVoidMethod() does nothing the 1st time but throws an exception the 2nd time is called">
      <![CDATA[org.mockito.exceptions.base.MockitoException: 
Only void methods can doNothing()!
Example of correct use of doNothing():
    doNothing().
    doThrow(new RuntimeException())
    .when(mock).someVoidMethod();
Above means:
someVoidMethod() does nothing the 1st time but throws an exception the 2nd time is called
at test.TestInductionDAOImpl.testUpdateEmploymentOfferStatus(TestInductionDAOImpl.java:121)
at java.base/jdk.internal.reflect.NativeMethodAccessorImpl.invoke0(Native Method)
at java.base/jdk.internal.reflect.NativeMethodAccessorImpl.invoke(NativeMethodAccessorImpl.java:62)
at java.base/jdk.internal.reflect.DelegatingMethodAccessorImpl.invoke(DelegatingMethodAccessorImpl.java:43)
at java.base/java.lang.reflect.Method.invoke(Method.java:564)
at org.testng.internal.invokers.MethodInvocationHelper.invokeMethod(MethodInvocationHelper.java:139)
at org.testng.internal.invokers.TestInvoker.invokeMethod(TestInvoker.java:664)
at org.testng.internal.invokers.TestInvoker.invokeTestMethod(TestInvoker.java:227)
at org.testng.internal.invokers.MethodRunner.runInSequence(MethodRunner.java:50)
at org.testng.internal.invokers.TestInvoker$MethodInvocationAgent.invoke(TestInvoker.java:957)
at org.testng.internal.invokers.TestInvoker.invokeTestMethods(TestInvoker.java:200)
at org.testng.internal.invokers.TestMethodWorker.invokeTestMethods(TestMethodWorker.java:148)
at org.testng.internal.invokers.TestMethodWorker.run(TestMethodWorker.java:128)
at java.base/java.util.ArrayList.forEach(ArrayList.java:1510)
at org.testng.TestRunner.privateRun(TestRunner.java:848)
at org.testng.TestRunner.run(TestRunner.java:621)
at org.testng.SuiteRunner.runTest(SuiteRunner.java:443)
at org.testng.SuiteRunner.runSequentially(SuiteRunner.java:437)
at org.testng.SuiteRunner.privateRun(SuiteRunner.java:397)
at org.testng.SuiteRunner.run(SuiteRunner.java:336)
at org.testng.SuiteRunnerWorker.runSuite(SuiteRunnerWorker.java:52)
at org.testng.SuiteRunnerWorker.run(SuiteRunnerWorker.java:95)
at org.testng.TestNG.runSuitesSequentially(TestNG.java:1280)
at org.testng.TestNG.runSuitesLocally(TestNG.java:1200)
at org.testng.TestNG.runSuites(TestNG.java:1114)
at org.testng.TestNG.run(TestNG.java:1082)
at org.testng.remote.AbstractRemoteTestNG.run(AbstractRemoteTestNG.java:115)
at org.testng.remote.RemoteTestNG.initAndRun(RemoteTestNG.java:251)
at org.testng.remote.RemoteTestNG.main(RemoteTestNG.java:77)
]]>
    </failure>
  </testcase> <!-- testUpdateEmploymentOfferStatus -->
</testsuite> <!-- Default test -->
