<?xml version="1.0" encoding="UTF-8"?>
<testng-results ignored="0" total="10" passed="10" failed="0" skipped="0">
  <reporter-output>
  </reporter-output>
  <suite started-at="2023-07-04T16:10:14 IST" name="Default suite" finished-at="2023-07-04T16:10:17 IST" duration-ms="2762">
    <groups>
    </groups>
    <test started-at="2023-07-04T16:10:14 IST" name="Default test" finished-at="2023-07-04T16:10:17 IST" duration-ms="2762">
      <class name="test.ApplyPermissionDAOImplTest">
        <test-method is-config="true" signature="setUp()[pri:0, instance:test.ApplyPermissionDAOImplTest@6d4f266]" started-at="2023-07-04T16:10:14 IST" name="setUp" finished-at="2023-07-04T16:10:16 IST" duration-ms="1776" status="PASS">
          <reporter-output>
          </reporter-output>
        </test-method> <!-- setUp -->
        <test-method signature="testAppliedPermissions()[pri:0, instance:test.ApplyPermissionDAOImplTest@6d4f266]" started-at="2023-07-04T16:10:16 IST" name="testAppliedPermissions" finished-at="2023-07-04T16:10:16 IST" duration-ms="203" status="PASS">
          <reporter-output>
          </reporter-output>
        </test-method> <!-- testAppliedPermissions -->
        <test-method is-config="true" signature="setUp()[pri:0, instance:test.ApplyPermissionDAOImplTest@6d4f266]" started-at="2023-07-04T16:10:16 IST" name="setUp" finished-at="2023-07-04T16:10:16 IST" duration-ms="3" status="PASS">
          <reporter-output>
          </reporter-output>
        </test-method> <!-- setUp -->
        <test-method signature="testGetEmployeeAndPermissionRequestData()[pri:0, instance:test.ApplyPermissionDAOImplTest@6d4f266]" started-at="2023-07-04T16:10:16 IST" name="testGetEmployeeAndPermissionRequestData" finished-at="2023-07-04T16:10:17 IST" duration-ms="377" status="PASS">
          <reporter-output>
          </reporter-output>
        </test-method> <!-- testGetEmployeeAndPermissionRequestData -->
        <test-method is-config="true" signature="setUp()[pri:0, instance:test.ApplyPermissionDAOImplTest@6d4f266]" started-at="2023-07-04T16:10:17 IST" name="setUp" finished-at="2023-07-04T16:10:17 IST" duration-ms="1" status="PASS">
          <reporter-output>
          </reporter-output>
        </test-method> <!-- setUp -->
        <test-method signature="testGetEmployeeAndPermissionRequestDataCountPerMonth()[pri:0, instance:test.ApplyPermissionDAOImplTest@6d4f266]" started-at="2023-07-04T16:10:17 IST" name="testGetEmployeeAndPermissionRequestDataCountPerMonth" finished-at="2023-07-04T16:10:17 IST" duration-ms="8" status="PASS">
          <reporter-output>
          </reporter-output>
        </test-method> <!-- testGetEmployeeAndPermissionRequestDataCountPerMonth -->
        <test-method is-config="true" signature="setUp()[pri:0, instance:test.ApplyPermissionDAOImplTest@6d4f266]" started-at="2023-07-04T16:10:17 IST" name="setUp" finished-at="2023-07-04T16:10:17 IST" duration-ms="1" status="PASS">
          <reporter-output>
          </reporter-output>
        </test-method> <!-- setUp -->
        <test-method signature="testGetEmployeeAndPermissionRequestData_NoResult()[pri:0, instance:test.ApplyPermissionDAOImplTest@6d4f266]" started-at="2023-07-04T16:10:17 IST" name="testGetEmployeeAndPermissionRequestData_NoResult" finished-at="2023-07-04T16:10:17 IST" duration-ms="10" status="PASS">
          <reporter-output>
          </reporter-output>
        </test-method> <!-- testGetEmployeeAndPermissionRequestData_NoResult -->
        <test-method is-config="true" signature="setUp()[pri:0, instance:test.ApplyPermissionDAOImplTest@6d4f266]" started-at="2023-07-04T16:10:17 IST" name="setUp" finished-at="2023-07-04T16:10:17 IST" duration-ms="1" status="PASS">
          <reporter-output>
          </reporter-output>
        </test-method> <!-- setUp -->
        <test-method signature="testGetEmployeeApprovedPermissionsCount()[pri:0, instance:test.ApplyPermissionDAOImplTest@6d4f266]" started-at="2023-07-04T16:10:17 IST" name="testGetEmployeeApprovedPermissionsCount" finished-at="2023-07-04T16:10:17 IST" duration-ms="8" status="PASS">
          <reporter-output>
          </reporter-output>
        </test-method> <!-- testGetEmployeeApprovedPermissionsCount -->
        <test-method is-config="true" signature="setUp()[pri:0, instance:test.ApplyPermissionDAOImplTest@6d4f266]" started-at="2023-07-04T16:10:17 IST" name="setUp" finished-at="2023-07-04T16:10:17 IST" duration-ms="1" status="PASS">
          <reporter-output>
          </reporter-output>
        </test-method> <!-- setUp -->
        <test-method signature="testGetEmployeesByHRAndManager()[pri:0, instance:test.ApplyPermissionDAOImplTest@6d4f266]" started-at="2023-07-04T16:10:17 IST" name="testGetEmployeesByHRAndManager" finished-at="2023-07-04T16:10:17 IST" duration-ms="194" status="PASS">
          <reporter-output>
          </reporter-output>
        </test-method> <!-- testGetEmployeesByHRAndManager -->
        <test-method is-config="true" signature="setUp()[pri:0, instance:test.ApplyPermissionDAOImplTest@6d4f266]" started-at="2023-07-04T16:10:17 IST" name="setUp" finished-at="2023-07-04T16:10:17 IST" duration-ms="1" status="PASS">
          <reporter-output>
          </reporter-output>
        </test-method> <!-- setUp -->
        <test-method signature="testGetNextPermissionIndex()[pri:0, instance:test.ApplyPermissionDAOImplTest@6d4f266]" started-at="2023-07-04T16:10:17 IST" name="testGetNextPermissionIndex" finished-at="2023-07-04T16:10:17 IST" duration-ms="7" status="PASS">
          <reporter-output>
          </reporter-output>
        </test-method> <!-- testGetNextPermissionIndex -->
        <test-method is-config="true" signature="setUp()[pri:0, instance:test.ApplyPermissionDAOImplTest@6d4f266]" started-at="2023-07-04T16:10:17 IST" name="setUp" finished-at="2023-07-04T16:10:17 IST" duration-ms="2" status="PASS">
          <reporter-output>
          </reporter-output>
        </test-method> <!-- setUp -->
        <test-method signature="testGetPermissionByIdAndIndex()[pri:0, instance:test.ApplyPermissionDAOImplTest@6d4f266]" started-at="2023-07-04T16:10:17 IST" name="testGetPermissionByIdAndIndex" finished-at="2023-07-04T16:10:17 IST" duration-ms="9" status="PASS">
          <reporter-output>
          </reporter-output>
        </test-method> <!-- testGetPermissionByIdAndIndex -->
        <test-method is-config="true" signature="setUp()[pri:0, instance:test.ApplyPermissionDAOImplTest@6d4f266]" started-at="2023-07-04T16:10:17 IST" name="setUp" finished-at="2023-07-04T16:10:17 IST" duration-ms="1" status="PASS">
          <reporter-output>
          </reporter-output>
        </test-method> <!-- setUp -->
        <test-method signature="testGetPermissionByIdAndIndex_NoResult()[pri:0, instance:test.ApplyPermissionDAOImplTest@6d4f266]" started-at="2023-07-04T16:10:17 IST" name="testGetPermissionByIdAndIndex_NoResult" finished-at="2023-07-04T16:10:17 IST" duration-ms="3" status="PASS">
          <reporter-output>
          </reporter-output>
        </test-method> <!-- testGetPermissionByIdAndIndex_NoResult -->
        <test-method is-config="true" signature="setUp()[pri:0, instance:test.ApplyPermissionDAOImplTest@6d4f266]" started-at="2023-07-04T16:10:17 IST" name="setUp" finished-at="2023-07-04T16:10:17 IST" duration-ms="1" status="PASS">
          <reporter-output>
          </reporter-output>
        </test-method> <!-- setUp -->
        <test-method signature="testPersist()[pri:0, instance:test.ApplyPermissionDAOImplTest@6d4f266]" started-at="2023-07-04T16:10:17 IST" name="testPersist" finished-at="2023-07-04T16:10:17 IST" duration-ms="4" status="PASS">
          <reporter-output>
          </reporter-output>
        </test-method> <!-- testPersist -->
      </class> <!-- test.ApplyPermissionDAOImplTest -->
    </test> <!-- Default test -->
  </suite> <!-- Default suite -->
</testng-results>
