<?xml version="1.0" encoding="UTF-8"?>
<testng-results ignored="0" total="10" passed="10" failed="0" skipped="0">
  <reporter-output>
  </reporter-output>
  <suite started-at="2023-07-03T18:23:46 IST" name="Default suite" finished-at="2023-07-03T18:23:49 IST" duration-ms="2795">
    <groups>
    </groups>
    <test started-at="2023-07-03T18:23:46 IST" name="Default test" finished-at="2023-07-03T18:23:49 IST" duration-ms="2795">
      <class name="test.OfferLetterDAOImplTest">
        <test-method is-config="true" signature="setUp()[pri:0, instance:test.OfferLetterDAOImplTest@6fe337a5]" started-at="2023-07-03T18:23:46 IST" name="setUp" finished-at="2023-07-03T18:23:49 IST" duration-ms="2322" status="PASS">
          <reporter-output>
          </reporter-output>
        </test-method> <!-- setUp -->
        <test-method signature="testFindAllIssuedCandidates()[pri:0, instance:test.OfferLetterDAOImplTest@6fe337a5]" started-at="2023-07-03T18:23:49 IST" name="testFindAllIssuedCandidates" finished-at="2023-07-03T18:23:49 IST" duration-ms="245" status="PASS">
          <reporter-output>
          </reporter-output>
        </test-method> <!-- testFindAllIssuedCandidates -->
        <test-method signature="testFindAllProvidedCandidates()[pri:0, instance:test.OfferLetterDAOImplTest@6fe337a5]" started-at="2023-07-03T18:23:49 IST" name="testFindAllProvidedCandidates" finished-at="2023-07-03T18:23:49 IST" duration-ms="6" status="PASS">
          <reporter-output>
          </reporter-output>
        </test-method> <!-- testFindAllProvidedCandidates -->
        <test-method signature="testFindIdtyIdByTitle()[pri:0, instance:test.OfferLetterDAOImplTest@6fe337a5]" started-at="2023-07-03T18:23:49 IST" name="testFindIdtyIdByTitle" finished-at="2023-07-03T18:23:49 IST" duration-ms="9" status="PASS">
          <reporter-output>
          </reporter-output>
        </test-method> <!-- testFindIdtyIdByTitle -->
        <test-method signature="testGetAllDocuments()[pri:0, instance:test.OfferLetterDAOImplTest@6fe337a5]" started-at="2023-07-03T18:23:49 IST" name="testGetAllDocuments" finished-at="2023-07-03T18:23:49 IST" duration-ms="6" status="PASS">
          <reporter-output>
          </reporter-output>
        </test-method> <!-- testGetAllDocuments -->
        <test-method signature="testGetCandidateById()[pri:0, instance:test.OfferLetterDAOImplTest@6fe337a5]" started-at="2023-07-03T18:23:49 IST" name="testGetCandidateById" finished-at="2023-07-03T18:23:49 IST" duration-ms="6" status="PASS">
          <reporter-output>
          </reporter-output>
        </test-method> <!-- testGetCandidateById -->
        <test-method signature="testGetHrById()[pri:0, instance:test.OfferLetterDAOImplTest@6fe337a5]" started-at="2023-07-03T18:23:49 IST" name="testGetHrById" finished-at="2023-07-03T18:23:49 IST" duration-ms="6" status="PASS">
          <reporter-output>
          </reporter-output>
        </test-method> <!-- testGetHrById -->
        <test-method signature="testGetInductionDocuments()[pri:0, instance:test.OfferLetterDAOImplTest@6fe337a5]" started-at="2023-07-03T18:23:49 IST" name="testGetInductionDocuments" finished-at="2023-07-03T18:23:49 IST" duration-ms="4" status="PASS">
          <reporter-output>
          </reporter-output>
        </test-method> <!-- testGetInductionDocuments -->
        <test-method signature="testGetLatestEofrIdFromDatabase()[pri:0, instance:test.OfferLetterDAOImplTest@6fe337a5]" started-at="2023-07-03T18:23:49 IST" name="testGetLatestEofrIdFromDatabase" finished-at="2023-07-03T18:23:49 IST" duration-ms="4" status="PASS">
          <reporter-output>
          </reporter-output>
        </test-method> <!-- testGetLatestEofrIdFromDatabase -->
        <test-method signature="testInsertEofrInto()[pri:0, instance:test.OfferLetterDAOImplTest@6fe337a5]" started-at="2023-07-03T18:23:49 IST" name="testInsertEofrInto" finished-at="2023-07-03T18:23:49 IST" duration-ms="6" status="PASS">
          <reporter-output>
          </reporter-output>
        </test-method> <!-- testInsertEofrInto -->
        <test-method signature="testUpdateCandidateStatus()[pri:0, instance:test.OfferLetterDAOImplTest@6fe337a5]" started-at="2023-07-03T18:23:49 IST" name="testUpdateCandidateStatus" finished-at="2023-07-03T18:23:49 IST" duration-ms="24" status="PASS">
          <reporter-output>
          </reporter-output>
        </test-method> <!-- testUpdateCandidateStatus -->
      </class> <!-- test.OfferLetterDAOImplTest -->
    </test> <!-- Default test -->
  </suite> <!-- Default suite -->
</testng-results>
