<?xml version="1.0" encoding="UTF-8"?>
<testng-results ignored="0" total="3" passed="3" failed="0" skipped="0">
  <reporter-output>
  </reporter-output>
  <suite started-at="2023-07-04T15:09:37 IST" name="Default suite" finished-at="2023-07-04T15:09:39 IST" duration-ms="2379">
    <groups>
    </groups>
    <test started-at="2023-07-04T15:09:37 IST" name="Default test" finished-at="2023-07-04T15:09:39 IST" duration-ms="2379">
      <class name="test.OfferLetterControllerTest">
        <test-method is-config="true" signature="setUp()[pri:0, instance:test.OfferLetterControllerTest@435a2c7d]" started-at="2023-07-04T15:09:37 IST" name="setUp" finished-at="2023-07-04T15:09:39 IST" duration-ms="2115" status="PASS">
          <reporter-output>
          </reporter-output>
        </test-method> <!-- setUp -->
        <test-method signature="testGetIssuingCandidates()[pri:0, instance:test.OfferLetterControllerTest@435a2c7d]" started-at="2023-07-04T15:09:39 IST" name="testGetIssuingCandidates" finished-at="2023-07-04T15:09:39 IST" duration-ms="72" status="PASS">
          <reporter-output>
          </reporter-output>
        </test-method> <!-- testGetIssuingCandidates -->
        <test-method is-config="true" signature="setUp()[pri:0, instance:test.OfferLetterControllerTest@435a2c7d]" started-at="2023-07-04T15:09:39 IST" name="setUp" finished-at="2023-07-04T15:09:39 IST" duration-ms="27" status="PASS">
          <reporter-output>
          </reporter-output>
        </test-method> <!-- setUp -->
        <test-method signature="testGetOfferLetterProvidedCandidates()[pri:0, instance:test.OfferLetterControllerTest@435a2c7d]" started-at="2023-07-04T15:09:39 IST" name="testGetOfferLetterProvidedCandidates" finished-at="2023-07-04T15:09:39 IST" duration-ms="5" status="PASS">
          <reporter-output>
          </reporter-output>
        </test-method> <!-- testGetOfferLetterProvidedCandidates -->
        <test-method is-config="true" signature="setUp()[pri:0, instance:test.OfferLetterControllerTest@435a2c7d]" started-at="2023-07-04T15:09:39 IST" name="setUp" finished-at="2023-07-04T15:09:39 IST" duration-ms="1" status="PASS">
          <reporter-output>
          </reporter-output>
        </test-method> <!-- setUp -->
        <test-method signature="testSendOfferMail()[pri:0, instance:test.OfferLetterControllerTest@435a2c7d]" started-at="2023-07-04T15:09:39 IST" name="testSendOfferMail" finished-at="2023-07-04T15:09:39 IST" duration-ms="8" status="PASS">
          <reporter-output>
          </reporter-output>
        </test-method> <!-- testSendOfferMail -->
      </class> <!-- test.OfferLetterControllerTest -->
    </test> <!-- Default test -->
  </suite> <!-- Default suite -->
</testng-results>
